NOTE: Picked up JDK_JAVA_OPTIONS:  --add-opens=java.base/java.lang=ALL-UNNAMED --add-opens=java.base/java.io=ALL-UNNAMED --add-opens=java.rmi/sun.rmi.transport=ALL-UNNAMED
18-Dec-2020 00:46:09.072 INFO [main] org.apache.catalina.startup.VersionLoggerListener.log 서버 버전 이름:    Apache Tomcat/9.0.41
18-Dec-2020 00:46:09.077 INFO [main] org.apache.catalina.startup.VersionLoggerListener.log Server 빌드 시각:  Dec 3 2020 11:43:00 UTC
18-Dec-2020 00:46:09.077 INFO [main] org.apache.catalina.startup.VersionLoggerListener.log Server 버전 번호:  9.0.41.0
18-Dec-2020 00:46:09.078 INFO [main] org.apache.catalina.startup.VersionLoggerListener.log 운영체제 이름:     Mac OS X
18-Dec-2020 00:46:09.078 INFO [main] org.apache.catalina.startup.VersionLoggerListener.log 운영체제 버전:     10.14.3
18-Dec-2020 00:46:09.078 INFO [main] org.apache.catalina.startup.VersionLoggerListener.log 아키텍처:          x86_64
18-Dec-2020 00:46:09.080 INFO [main] org.apache.catalina.startup.VersionLoggerListener.log 자바 홈:           /Library/Java/JavaVirtualMachines/jdk-14.0.2.jdk/Contents/Home
18-Dec-2020 00:46:09.080 INFO [main] org.apache.catalina.startup.VersionLoggerListener.log JVM 버전:          14.0.2+12-46
18-Dec-2020 00:46:09.080 INFO [main] org.apache.catalina.startup.VersionLoggerListener.log JVM 벤더:          Oracle Corporation
18-Dec-2020 00:46:09.080 INFO [main] org.apache.catalina.startup.VersionLoggerListener.log CATALINA_BASE:     /Users/parkjieun/fastcampus_java/tomcat/apache-tomcat-9.0.41
18-Dec-2020 00:46:09.080 INFO [main] org.apache.catalina.startup.VersionLoggerListener.log CATALINA_HOME:     /Users/parkjieun/fastcampus_java/tomcat/apache-tomcat-9.0.41
18-Dec-2020 00:46:09.100 INFO [main] org.apache.catalina.startup.VersionLoggerListener.log 명령 행 아규먼트:  --add-opens=java.base/java.lang=ALL-UNNAMED
18-Dec-2020 00:46:09.100 INFO [main] org.apache.catalina.startup.VersionLoggerListener.log 명령 행 아규먼트:  --add-opens=java.base/java.io=ALL-UNNAMED
18-Dec-2020 00:46:09.100 INFO [main] org.apache.catalina.startup.VersionLoggerListener.log 명령 행 아규먼트:  --add-opens=java.rmi/sun.rmi.transport=ALL-UNNAMED
18-Dec-2020 00:46:09.101 INFO [main] org.apache.catalina.startup.VersionLoggerListener.log 명령 행 아규먼트:  -Djava.util.logging.config.file=/Users/parkjieun/fastcampus_java/tomcat/apache-tomcat-9.0.41/conf/logging.properties
18-Dec-2020 00:46:09.101 INFO [main] org.apache.catalina.startup.VersionLoggerListener.log 명령 행 아규먼트:  -Djava.util.logging.manager=org.apache.juli.ClassLoaderLogManager
18-Dec-2020 00:46:09.101 INFO [main] org.apache.catalina.startup.VersionLoggerListener.log 명령 행 아규먼트:  -Djdk.tls.ephemeralDHKeySize=2048
18-Dec-2020 00:46:09.101 INFO [main] org.apache.catalina.startup.VersionLoggerListener.log 명령 행 아규먼트:  -Djava.protocol.handler.pkgs=org.apache.catalina.webresources
18-Dec-2020 00:46:09.101 INFO [main] org.apache.catalina.startup.VersionLoggerListener.log 명령 행 아규먼트:  -Dorg.apache.catalina.security.SecurityListener.UMASK=0027
18-Dec-2020 00:46:09.102 INFO [main] org.apache.catalina.startup.VersionLoggerListener.log 명령 행 아규먼트:  -Dignore.endorsed.dirs=
18-Dec-2020 00:46:09.102 INFO [main] org.apache.catalina.startup.VersionLoggerListener.log 명령 행 아규먼트:  -Dcatalina.base=/Users/parkjieun/fastcampus_java/tomcat/apache-tomcat-9.0.41
18-Dec-2020 00:46:09.102 INFO [main] org.apache.catalina.startup.VersionLoggerListener.log 명령 행 아규먼트:  -Dcatalina.home=/Users/parkjieun/fastcampus_java/tomcat/apache-tomcat-9.0.41
18-Dec-2020 00:46:09.102 INFO [main] org.apache.catalina.startup.VersionLoggerListener.log 명령 행 아규먼트:  -Djava.io.tmpdir=/Users/parkjieun/fastcampus_java/tomcat/apache-tomcat-9.0.41/temp
18-Dec-2020 00:46:09.107 INFO [main] org.apache.catalina.core.AprLifecycleListener.lifecycleEvent 프로덕션 환경들에서 최적의 성능을 제공하는, APR 기반 Apache Tomcat Native 라이브러리가, 다음 java.library.path에서 발견되지 않습니다: [/Users/parkjieun/Library/Java/Extensions:/Library/Java/Extensions:/Network/Library/Java/Extensions:/System/Library/Java/Extensions:/usr/lib/java:.]
18-Dec-2020 00:46:09.520 INFO [main] org.apache.coyote.AbstractProtocol.init 프로토콜 핸들러 ["http-nio-8080"]을(를) 초기화합니다.
18-Dec-2020 00:46:09.582 SEVERE [main] org.apache.catalina.util.LifecycleBase.handleSubClassException 구성요소 [Connector[HTTP/1.1-8080]]을(를) 초기화하지 못했습니다.
	org.apache.catalina.LifecycleException: 프로토콜 핸들러 초기화가 실패했습니다.
		at org.apache.catalina.connector.Connector.initInternal(Connector.java:1042)
		at org.apache.catalina.util.LifecycleBase.init(LifecycleBase.java:136)
		at org.apache.catalina.core.StandardService.initInternal(StandardService.java:558)
		at org.apache.catalina.util.LifecycleBase.init(LifecycleBase.java:136)
		at org.apache.catalina.core.StandardServer.initInternal(StandardServer.java:1057)
		at org.apache.catalina.util.LifecycleBase.init(LifecycleBase.java:136)
		at org.apache.catalina.startup.Catalina.load(Catalina.java:724)
		at org.apache.catalina.startup.Catalina.load(Catalina.java:746)
		at java.base/jdk.internal.reflect.NativeMethodAccessorImpl.invoke0(Native Method)
		at java.base/jdk.internal.reflect.NativeMethodAccessorImpl.invoke(NativeMethodAccessorImpl.java:62)
		at java.base/jdk.internal.reflect.DelegatingMethodAccessorImpl.invoke(DelegatingMethodAccessorImpl.java:43)
		at java.base/java.lang.reflect.Method.invoke(Method.java:564)
		at org.apache.catalina.startup.Bootstrap.load(Bootstrap.java:302)
		at org.apache.catalina.startup.Bootstrap.main(Bootstrap.java:472)
	Caused by: java.net.BindException: Address already in use
		at java.base/sun.nio.ch.Net.bind0(Native Method)
		at java.base/sun.nio.ch.Net.bind(Net.java:479)
		at java.base/sun.nio.ch.Net.bind(Net.java:468)
		at java.base/sun.nio.ch.ServerSocketChannelImpl.bind(ServerSocketChannelImpl.java:220)
		at java.base/sun.nio.ch.ServerSocketAdaptor.bind(ServerSocketAdaptor.java:88)
		at org.apache.tomcat.util.net.NioEndpoint.initServerSocket(NioEndpoint.java:228)
		at org.apache.tomcat.util.net.NioEndpoint.bind(NioEndpoint.java:211)
		at org.apache.tomcat.util.net.AbstractEndpoint.bindWithCleanup(AbstractEndpoint.java:1159)
		at org.apache.tomcat.util.net.AbstractEndpoint.init(AbstractEndpoint.java:1172)
		at org.apache.coyote.AbstractProtocol.init(AbstractProtocol.java:592)
		at org.apache.coyote.http11.AbstractHttp11Protocol.init(AbstractHttp11Protocol.java:80)
		at org.apache.catalina.connector.Connector.initInternal(Connector.java:1039)
		... 13 more
18-Dec-2020 00:46:09.586 INFO [main] org.apache.catalina.startup.Catalina.load [861] 밀리초 내에 서버가 초기화되었습니다.
18-Dec-2020 00:46:09.630 INFO [main] org.apache.catalina.core.StandardService.startInternal 서비스 [Catalina]을(를) 시작합니다.
18-Dec-2020 00:46:09.630 INFO [main] org.apache.catalina.core.StandardEngine.startInternal 서버 엔진을 시작합니다: [Apache Tomcat/9.0.41]
18-Dec-2020 00:46:09.641 INFO [main] org.apache.catalina.startup.HostConfig.deployDirectory 웹 애플리케이션 디렉토리 [/Users/parkjieun/fastcampus_java/tomcat/apache-tomcat-9.0.41/webapps/docs]을(를) 배치합니다.
18-Dec-2020 00:46:09.977 SEVERE [main] org.apache.jasper.EmbeddedServletOptions.<init> 귀하가 지정한 scratchDir [/Users/parkjieun/fastcampus_java/tomcat/apache-tomcat-9.0.41/work/Catalina/localhost/docs]은(는) 사용할 수 없습니다.
18-Dec-2020 00:46:09.992 INFO [main] org.apache.catalina.startup.HostConfig.deployDirectory 웹 애플리케이션 디렉토리 [/Users/parkjieun/fastcampus_java/tomcat/apache-tomcat-9.0.41/webapps/docs]에 대한 배치가 [349] 밀리초에 완료되었습니다.
18-Dec-2020 00:46:09.992 INFO [main] org.apache.catalina.startup.HostConfig.deployDirectory 웹 애플리케이션 디렉토리 [/Users/parkjieun/fastcampus_java/tomcat/apache-tomcat-9.0.41/webapps/manager]을(를) 배치합니다.
18-Dec-2020 00:46:10.048 SEVERE [main] org.apache.jasper.EmbeddedServletOptions.<init> 귀하가 지정한 scratchDir [/Users/parkjieun/fastcampus_java/tomcat/apache-tomcat-9.0.41/work/Catalina/localhost/manager]은(는) 사용할 수 없습니다.
18-Dec-2020 00:46:10.049 INFO [main] org.apache.catalina.startup.HostConfig.deployDirectory 웹 애플리케이션 디렉토리 [/Users/parkjieun/fastcampus_java/tomcat/apache-tomcat-9.0.41/webapps/manager]에 대한 배치가 [57] 밀리초에 완료되었습니다.
18-Dec-2020 00:46:10.049 INFO [main] org.apache.catalina.startup.HostConfig.deployDirectory 웹 애플리케이션 디렉토리 [/Users/parkjieun/fastcampus_java/tomcat/apache-tomcat-9.0.41/webapps/examples]을(를) 배치합니다.
18-Dec-2020 00:46:10.410 SEVERE [main] org.apache.jasper.EmbeddedServletOptions.<init> 귀하가 지정한 scratchDir [/Users/parkjieun/fastcampus_java/tomcat/apache-tomcat-9.0.41/work/Catalina/localhost/examples]은(는) 사용할 수 없습니다.
18-Dec-2020 00:46:10.411 INFO [main] org.apache.catalina.startup.HostConfig.deployDirectory 웹 애플리케이션 디렉토리 [/Users/parkjieun/fastcampus_java/tomcat/apache-tomcat-9.0.41/webapps/examples]에 대한 배치가 [362] 밀리초에 완료되었습니다.
18-Dec-2020 00:46:10.411 INFO [main] org.apache.catalina.startup.HostConfig.deployDirectory 웹 애플리케이션 디렉토리 [/Users/parkjieun/fastcampus_java/tomcat/apache-tomcat-9.0.41/webapps/ROOT]을(를) 배치합니다.
18-Dec-2020 00:46:10.430 SEVERE [main] org.apache.jasper.EmbeddedServletOptions.<init> 귀하가 지정한 scratchDir [/Users/parkjieun/fastcampus_java/tomcat/apache-tomcat-9.0.41/work/Catalina/localhost/ROOT]은(는) 사용할 수 없습니다.
18-Dec-2020 00:46:10.432 INFO [main] org.apache.catalina.startup.HostConfig.deployDirectory 웹 애플리케이션 디렉토리 [/Users/parkjieun/fastcampus_java/tomcat/apache-tomcat-9.0.41/webapps/ROOT]에 대한 배치가 [21] 밀리초에 완료되었습니다.
18-Dec-2020 00:46:10.432 INFO [main] org.apache.catalina.startup.HostConfig.deployDirectory 웹 애플리케이션 디렉토리 [/Users/parkjieun/fastcampus_java/tomcat/apache-tomcat-9.0.41/webapps/host-manager]을(를) 배치합니다.
18-Dec-2020 00:46:10.455 SEVERE [main] org.apache.jasper.EmbeddedServletOptions.<init> 귀하가 지정한 scratchDir [/Users/parkjieun/fastcampus_java/tomcat/apache-tomcat-9.0.41/work/Catalina/localhost/host-manager]은(는) 사용할 수 없습니다.
18-Dec-2020 00:46:10.456 INFO [main] org.apache.catalina.startup.HostConfig.deployDirectory 웹 애플리케이션 디렉토리 [/Users/parkjieun/fastcampus_java/tomcat/apache-tomcat-9.0.41/webapps/host-manager]에 대한 배치가 [24] 밀리초에 완료되었습니다.
18-Dec-2020 00:46:10.463 INFO [main] org.apache.catalina.startup.Catalina.start 서버가 [876] 밀리초 내에 시작되었습니다.
18-Dec-2020 00:46:10.473 SEVERE [main] org.apache.catalina.core.StandardServer.await 주소 [localhost]와(과) 포트 [8005]에, 서버 셧다운 소켓을 생성하지 못했습니다. (base 포트 [8005], offset [0])
	java.net.BindException: Address already in use
		at java.base/sun.nio.ch.Net.bind0(Native Method)
		at java.base/sun.nio.ch.Net.bind(Net.java:479)
		at java.base/sun.nio.ch.Net.bind(Net.java:468)
		at java.base/sun.nio.ch.NioSocketImpl.bind(NioSocketImpl.java:643)
		at java.base/java.net.ServerSocket.bind(ServerSocket.java:396)
		at java.base/java.net.ServerSocket.<init>(ServerSocket.java:282)
		at org.apache.catalina.core.StandardServer.await(StandardServer.java:584)
		at org.apache.catalina.startup.Catalina.await(Catalina.java:864)
		at org.apache.catalina.startup.Catalina.start(Catalina.java:810)
		at java.base/jdk.internal.reflect.NativeMethodAccessorImpl.invoke0(Native Method)
		at java.base/jdk.internal.reflect.NativeMethodAccessorImpl.invoke(NativeMethodAccessorImpl.java:62)
		at java.base/jdk.internal.reflect.DelegatingMethodAccessorImpl.invoke(DelegatingMethodAccessorImpl.java:43)
		at java.base/java.lang.reflect.Method.invoke(Method.java:564)
		at org.apache.catalina.startup.Bootstrap.start(Bootstrap.java:342)
		at org.apache.catalina.startup.Bootstrap.main(Bootstrap.java:473)
18-Dec-2020 00:46:10.474 INFO [main] org.apache.coyote.AbstractProtocol.pause 프로토콜 핸들러 ["http-nio-8080"]을(를) 일시 정지 중
18-Dec-2020 00:46:10.474 INFO [main] org.apache.catalina.core.StandardService.stopInternal 서비스 [Catalina]을(를) 중지시킵니다.
18-Dec-2020 00:46:10.497 INFO [main] org.apache.coyote.AbstractProtocol.stop 프로토콜 핸들러 ["http-nio-8080"]을(를) 중지시킵니다.
18-Dec-2020 00:46:10.499 INFO [main] org.apache.coyote.AbstractProtocol.destroy 프로토콜 핸들러 ["http-nio-8080"]을(를) 소멸시킵니다.
NOTE: Picked up JDK_JAVA_OPTIONS:  --add-opens=java.base/java.lang=ALL-UNNAMED --add-opens=java.base/java.io=ALL-UNNAMED --add-opens=java.rmi/sun.rmi.transport=ALL-UNNAMED
18-Dec-2020 00:48:55.332 INFO [main] org.apache.catalina.startup.VersionLoggerListener.log 서버 버전 이름:    Apache Tomcat/9.0.41
18-Dec-2020 00:48:55.336 INFO [main] org.apache.catalina.startup.VersionLoggerListener.log Server 빌드 시각:  Dec 3 2020 11:43:00 UTC
18-Dec-2020 00:48:55.336 INFO [main] org.apache.catalina.startup.VersionLoggerListener.log Server 버전 번호:  9.0.41.0
18-Dec-2020 00:48:55.337 INFO [main] org.apache.catalina.startup.VersionLoggerListener.log 운영체제 이름:     Mac OS X
18-Dec-2020 00:48:55.337 INFO [main] org.apache.catalina.startup.VersionLoggerListener.log 운영체제 버전:     10.14.3
18-Dec-2020 00:48:55.337 INFO [main] org.apache.catalina.startup.VersionLoggerListener.log 아키텍처:          x86_64
18-Dec-2020 00:48:55.338 INFO [main] org.apache.catalina.startup.VersionLoggerListener.log 자바 홈:           /Library/Java/JavaVirtualMachines/jdk-14.0.2.jdk/Contents/Home
18-Dec-2020 00:48:55.338 INFO [main] org.apache.catalina.startup.VersionLoggerListener.log JVM 버전:          14.0.2+12-46
18-Dec-2020 00:48:55.339 INFO [main] org.apache.catalina.startup.VersionLoggerListener.log JVM 벤더:          Oracle Corporation
18-Dec-2020 00:48:55.339 INFO [main] org.apache.catalina.startup.VersionLoggerListener.log CATALINA_BASE:     /Users/parkjieun/fastcampus_java/tomcat/apache-tomcat-9.0.41
18-Dec-2020 00:48:55.339 INFO [main] org.apache.catalina.startup.VersionLoggerListener.log CATALINA_HOME:     /Users/parkjieun/fastcampus_java/tomcat/apache-tomcat-9.0.41
18-Dec-2020 00:48:55.361 INFO [main] org.apache.catalina.startup.VersionLoggerListener.log 명령 행 아규먼트:  --add-opens=java.base/java.lang=ALL-UNNAMED
18-Dec-2020 00:48:55.361 INFO [main] org.apache.catalina.startup.VersionLoggerListener.log 명령 행 아규먼트:  --add-opens=java.base/java.io=ALL-UNNAMED
18-Dec-2020 00:48:55.362 INFO [main] org.apache.catalina.startup.VersionLoggerListener.log 명령 행 아규먼트:  --add-opens=java.rmi/sun.rmi.transport=ALL-UNNAMED
18-Dec-2020 00:48:55.362 INFO [main] org.apache.catalina.startup.VersionLoggerListener.log 명령 행 아규먼트:  -Djava.util.logging.config.file=/Users/parkjieun/fastcampus_java/tomcat/apache-tomcat-9.0.41/conf/logging.properties
18-Dec-2020 00:48:55.362 INFO [main] org.apache.catalina.startup.VersionLoggerListener.log 명령 행 아규먼트:  -Djava.util.logging.manager=org.apache.juli.ClassLoaderLogManager
18-Dec-2020 00:48:55.363 INFO [main] org.apache.catalina.startup.VersionLoggerListener.log 명령 행 아규먼트:  -Djdk.tls.ephemeralDHKeySize=2048
18-Dec-2020 00:48:55.363 INFO [main] org.apache.catalina.startup.VersionLoggerListener.log 명령 행 아규먼트:  -Djava.protocol.handler.pkgs=org.apache.catalina.webresources
18-Dec-2020 00:48:55.363 INFO [main] org.apache.catalina.startup.VersionLoggerListener.log 명령 행 아규먼트:  -Dorg.apache.catalina.security.SecurityListener.UMASK=0027
18-Dec-2020 00:48:55.363 INFO [main] org.apache.catalina.startup.VersionLoggerListener.log 명령 행 아규먼트:  -Dignore.endorsed.dirs=
18-Dec-2020 00:48:55.364 INFO [main] org.apache.catalina.startup.VersionLoggerListener.log 명령 행 아규먼트:  -Dcatalina.base=/Users/parkjieun/fastcampus_java/tomcat/apache-tomcat-9.0.41
18-Dec-2020 00:48:55.364 INFO [main] org.apache.catalina.startup.VersionLoggerListener.log 명령 행 아규먼트:  -Dcatalina.home=/Users/parkjieun/fastcampus_java/tomcat/apache-tomcat-9.0.41
18-Dec-2020 00:48:55.364 INFO [main] org.apache.catalina.startup.VersionLoggerListener.log 명령 행 아규먼트:  -Djava.io.tmpdir=/Users/parkjieun/fastcampus_java/tomcat/apache-tomcat-9.0.41/temp
18-Dec-2020 00:48:55.367 INFO [main] org.apache.catalina.core.AprLifecycleListener.lifecycleEvent 프로덕션 환경들에서 최적의 성능을 제공하는, APR 기반 Apache Tomcat Native 라이브러리가, 다음 java.library.path에서 발견되지 않습니다: [/Users/parkjieun/Library/Java/Extensions:/Library/Java/Extensions:/Network/Library/Java/Extensions:/System/Library/Java/Extensions:/usr/lib/java:.]
18-Dec-2020 00:48:55.782 INFO [main] org.apache.coyote.AbstractProtocol.init 프로토콜 핸들러 ["http-nio-8080"]을(를) 초기화합니다.
18-Dec-2020 00:48:55.849 SEVERE [main] org.apache.catalina.util.LifecycleBase.handleSubClassException 구성요소 [Connector[HTTP/1.1-8080]]을(를) 초기화하지 못했습니다.
	org.apache.catalina.LifecycleException: 프로토콜 핸들러 초기화가 실패했습니다.
		at org.apache.catalina.connector.Connector.initInternal(Connector.java:1042)
		at org.apache.catalina.util.LifecycleBase.init(LifecycleBase.java:136)
		at org.apache.catalina.core.StandardService.initInternal(StandardService.java:558)
		at org.apache.catalina.util.LifecycleBase.init(LifecycleBase.java:136)
		at org.apache.catalina.core.StandardServer.initInternal(StandardServer.java:1057)
		at org.apache.catalina.util.LifecycleBase.init(LifecycleBase.java:136)
		at org.apache.catalina.startup.Catalina.load(Catalina.java:724)
		at org.apache.catalina.startup.Catalina.load(Catalina.java:746)
		at java.base/jdk.internal.reflect.NativeMethodAccessorImpl.invoke0(Native Method)
		at java.base/jdk.internal.reflect.NativeMethodAccessorImpl.invoke(NativeMethodAccessorImpl.java:62)
		at java.base/jdk.internal.reflect.DelegatingMethodAccessorImpl.invoke(DelegatingMethodAccessorImpl.java:43)
		at java.base/java.lang.reflect.Method.invoke(Method.java:564)
		at org.apache.catalina.startup.Bootstrap.load(Bootstrap.java:302)
		at org.apache.catalina.startup.Bootstrap.main(Bootstrap.java:472)
	Caused by: java.net.BindException: Address already in use
		at java.base/sun.nio.ch.Net.bind0(Native Method)
		at java.base/sun.nio.ch.Net.bind(Net.java:479)
		at java.base/sun.nio.ch.Net.bind(Net.java:468)
		at java.base/sun.nio.ch.ServerSocketChannelImpl.bind(ServerSocketChannelImpl.java:220)
		at java.base/sun.nio.ch.ServerSocketAdaptor.bind(ServerSocketAdaptor.java:88)
		at org.apache.tomcat.util.net.NioEndpoint.initServerSocket(NioEndpoint.java:228)
		at org.apache.tomcat.util.net.NioEndpoint.bind(NioEndpoint.java:211)
		at org.apache.tomcat.util.net.AbstractEndpoint.bindWithCleanup(AbstractEndpoint.java:1159)
		at org.apache.tomcat.util.net.AbstractEndpoint.init(AbstractEndpoint.java:1172)
		at org.apache.coyote.AbstractProtocol.init(AbstractProtocol.java:592)
		at org.apache.coyote.http11.AbstractHttp11Protocol.init(AbstractHttp11Protocol.java:80)
		at org.apache.catalina.connector.Connector.initInternal(Connector.java:1039)
		... 13 more
18-Dec-2020 00:48:55.860 INFO [main] org.apache.catalina.startup.Catalina.load [869] 밀리초 내에 서버가 초기화되었습니다.
18-Dec-2020 00:48:55.923 INFO [main] org.apache.catalina.core.StandardService.startInternal 서비스 [Catalina]을(를) 시작합니다.
18-Dec-2020 00:48:55.923 INFO [main] org.apache.catalina.core.StandardEngine.startInternal 서버 엔진을 시작합니다: [Apache Tomcat/9.0.41]
18-Dec-2020 00:48:55.934 INFO [main] org.apache.catalina.startup.HostConfig.deployDirectory 웹 애플리케이션 디렉토리 [/Users/parkjieun/fastcampus_java/tomcat/apache-tomcat-9.0.41/webapps/docs]을(를) 배치합니다.
18-Dec-2020 00:48:56.270 SEVERE [main] org.apache.jasper.EmbeddedServletOptions.<init> 귀하가 지정한 scratchDir [/Users/parkjieun/fastcampus_java/tomcat/apache-tomcat-9.0.41/work/Catalina/localhost/docs]은(는) 사용할 수 없습니다.
18-Dec-2020 00:48:56.285 INFO [main] org.apache.catalina.startup.HostConfig.deployDirectory 웹 애플리케이션 디렉토리 [/Users/parkjieun/fastcampus_java/tomcat/apache-tomcat-9.0.41/webapps/docs]에 대한 배치가 [350] 밀리초에 완료되었습니다.
18-Dec-2020 00:48:56.286 INFO [main] org.apache.catalina.startup.HostConfig.deployDirectory 웹 애플리케이션 디렉토리 [/Users/parkjieun/fastcampus_java/tomcat/apache-tomcat-9.0.41/webapps/manager]을(를) 배치합니다.
18-Dec-2020 00:48:56.343 SEVERE [main] org.apache.jasper.EmbeddedServletOptions.<init> 귀하가 지정한 scratchDir [/Users/parkjieun/fastcampus_java/tomcat/apache-tomcat-9.0.41/work/Catalina/localhost/manager]은(는) 사용할 수 없습니다.
18-Dec-2020 00:48:56.344 INFO [main] org.apache.catalina.startup.HostConfig.deployDirectory 웹 애플리케이션 디렉토리 [/Users/parkjieun/fastcampus_java/tomcat/apache-tomcat-9.0.41/webapps/manager]에 대한 배치가 [58] 밀리초에 완료되었습니다.
18-Dec-2020 00:48:56.345 INFO [main] org.apache.catalina.startup.HostConfig.deployDirectory 웹 애플리케이션 디렉토리 [/Users/parkjieun/fastcampus_java/tomcat/apache-tomcat-9.0.41/webapps/examples]을(를) 배치합니다.
18-Dec-2020 00:48:56.699 SEVERE [main] org.apache.jasper.EmbeddedServletOptions.<init> 귀하가 지정한 scratchDir [/Users/parkjieun/fastcampus_java/tomcat/apache-tomcat-9.0.41/work/Catalina/localhost/examples]은(는) 사용할 수 없습니다.
18-Dec-2020 00:48:56.701 INFO [main] org.apache.catalina.startup.HostConfig.deployDirectory 웹 애플리케이션 디렉토리 [/Users/parkjieun/fastcampus_java/tomcat/apache-tomcat-9.0.41/webapps/examples]에 대한 배치가 [356] 밀리초에 완료되었습니다.
18-Dec-2020 00:48:56.703 INFO [main] org.apache.catalina.startup.HostConfig.deployDirectory 웹 애플리케이션 디렉토리 [/Users/parkjieun/fastcampus_java/tomcat/apache-tomcat-9.0.41/webapps/ROOT]을(를) 배치합니다.
18-Dec-2020 00:48:56.733 SEVERE [main] org.apache.jasper.EmbeddedServletOptions.<init> 귀하가 지정한 scratchDir [/Users/parkjieun/fastcampus_java/tomcat/apache-tomcat-9.0.41/work/Catalina/localhost/ROOT]은(는) 사용할 수 없습니다.
18-Dec-2020 00:48:56.734 INFO [main] org.apache.catalina.startup.HostConfig.deployDirectory 웹 애플리케이션 디렉토리 [/Users/parkjieun/fastcampus_java/tomcat/apache-tomcat-9.0.41/webapps/ROOT]에 대한 배치가 [31] 밀리초에 완료되었습니다.
18-Dec-2020 00:48:56.734 INFO [main] org.apache.catalina.startup.HostConfig.deployDirectory 웹 애플리케이션 디렉토리 [/Users/parkjieun/fastcampus_java/tomcat/apache-tomcat-9.0.41/webapps/host-manager]을(를) 배치합니다.
18-Dec-2020 00:48:56.769 SEVERE [main] org.apache.jasper.EmbeddedServletOptions.<init> 귀하가 지정한 scratchDir [/Users/parkjieun/fastcampus_java/tomcat/apache-tomcat-9.0.41/work/Catalina/localhost/host-manager]은(는) 사용할 수 없습니다.
18-Dec-2020 00:48:56.770 INFO [main] org.apache.catalina.startup.HostConfig.deployDirectory 웹 애플리케이션 디렉토리 [/Users/parkjieun/fastcampus_java/tomcat/apache-tomcat-9.0.41/webapps/host-manager]에 대한 배치가 [36] 밀리초에 완료되었습니다.
18-Dec-2020 00:48:56.791 INFO [main] org.apache.catalina.startup.Catalina.start 서버가 [929] 밀리초 내에 시작되었습니다.
18-Dec-2020 00:48:56.800 SEVERE [main] org.apache.catalina.core.StandardServer.await 주소 [localhost]와(과) 포트 [8005]에, 서버 셧다운 소켓을 생성하지 못했습니다. (base 포트 [8005], offset [0])
	java.net.BindException: Address already in use
		at java.base/sun.nio.ch.Net.bind0(Native Method)
		at java.base/sun.nio.ch.Net.bind(Net.java:479)
		at java.base/sun.nio.ch.Net.bind(Net.java:468)
		at java.base/sun.nio.ch.NioSocketImpl.bind(NioSocketImpl.java:643)
		at java.base/java.net.ServerSocket.bind(ServerSocket.java:396)
		at java.base/java.net.ServerSocket.<init>(ServerSocket.java:282)
		at org.apache.catalina.core.StandardServer.await(StandardServer.java:584)
		at org.apache.catalina.startup.Catalina.await(Catalina.java:864)
		at org.apache.catalina.startup.Catalina.start(Catalina.java:810)
		at java.base/jdk.internal.reflect.NativeMethodAccessorImpl.invoke0(Native Method)
		at java.base/jdk.internal.reflect.NativeMethodAccessorImpl.invoke(NativeMethodAccessorImpl.java:62)
		at java.base/jdk.internal.reflect.DelegatingMethodAccessorImpl.invoke(DelegatingMethodAccessorImpl.java:43)
		at java.base/java.lang.reflect.Method.invoke(Method.java:564)
		at org.apache.catalina.startup.Bootstrap.start(Bootstrap.java:342)
		at org.apache.catalina.startup.Bootstrap.main(Bootstrap.java:473)
18-Dec-2020 00:48:56.800 INFO [main] org.apache.coyote.AbstractProtocol.pause 프로토콜 핸들러 ["http-nio-8080"]을(를) 일시 정지 중
18-Dec-2020 00:48:56.801 INFO [main] org.apache.catalina.core.StandardService.stopInternal 서비스 [Catalina]을(를) 중지시킵니다.
18-Dec-2020 00:48:56.830 INFO [main] org.apache.coyote.AbstractProtocol.stop 프로토콜 핸들러 ["http-nio-8080"]을(를) 중지시킵니다.
18-Dec-2020 00:48:56.832 INFO [main] org.apache.coyote.AbstractProtocol.destroy 프로토콜 핸들러 ["http-nio-8080"]을(를) 소멸시킵니다.
NOTE: Picked up JDK_JAVA_OPTIONS:  --add-opens=java.base/java.lang=ALL-UNNAMED --add-opens=java.base/java.io=ALL-UNNAMED --add-opens=java.rmi/sun.rmi.transport=ALL-UNNAMED
18-Dec-2020 00:51:46.040 INFO [main] org.apache.catalina.startup.VersionLoggerListener.log 서버 버전 이름:    Apache Tomcat/9.0.41
18-Dec-2020 00:51:46.044 INFO [main] org.apache.catalina.startup.VersionLoggerListener.log Server 빌드 시각:  Dec 3 2020 11:43:00 UTC
18-Dec-2020 00:51:46.044 INFO [main] org.apache.catalina.startup.VersionLoggerListener.log Server 버전 번호:  9.0.41.0
18-Dec-2020 00:51:46.045 INFO [main] org.apache.catalina.startup.VersionLoggerListener.log 운영체제 이름:     Mac OS X
18-Dec-2020 00:51:46.045 INFO [main] org.apache.catalina.startup.VersionLoggerListener.log 운영체제 버전:     10.14.3
18-Dec-2020 00:51:46.045 INFO [main] org.apache.catalina.startup.VersionLoggerListener.log 아키텍처:          x86_64
18-Dec-2020 00:51:46.045 INFO [main] org.apache.catalina.startup.VersionLoggerListener.log 자바 홈:           /Library/Java/JavaVirtualMachines/jdk-14.0.2.jdk/Contents/Home
18-Dec-2020 00:51:46.046 INFO [main] org.apache.catalina.startup.VersionLoggerListener.log JVM 버전:          14.0.2+12-46
18-Dec-2020 00:51:46.046 INFO [main] org.apache.catalina.startup.VersionLoggerListener.log JVM 벤더:          Oracle Corporation
18-Dec-2020 00:51:46.046 INFO [main] org.apache.catalina.startup.VersionLoggerListener.log CATALINA_BASE:     /Users/parkjieun/fastcampus_java/tomcat/apache-tomcat-9.0.41
18-Dec-2020 00:51:46.046 INFO [main] org.apache.catalina.startup.VersionLoggerListener.log CATALINA_HOME:     /Users/parkjieun/fastcampus_java/tomcat/apache-tomcat-9.0.41
18-Dec-2020 00:51:46.064 INFO [main] org.apache.catalina.startup.VersionLoggerListener.log 명령 행 아규먼트:  --add-opens=java.base/java.lang=ALL-UNNAMED
18-Dec-2020 00:51:46.064 INFO [main] org.apache.catalina.startup.VersionLoggerListener.log 명령 행 아규먼트:  --add-opens=java.base/java.io=ALL-UNNAMED
18-Dec-2020 00:51:46.064 INFO [main] org.apache.catalina.startup.VersionLoggerListener.log 명령 행 아규먼트:  --add-opens=java.rmi/sun.rmi.transport=ALL-UNNAMED
18-Dec-2020 00:51:46.064 INFO [main] org.apache.catalina.startup.VersionLoggerListener.log 명령 행 아규먼트:  -Djava.util.logging.config.file=/Users/parkjieun/fastcampus_java/tomcat/apache-tomcat-9.0.41/conf/logging.properties
18-Dec-2020 00:51:46.065 INFO [main] org.apache.catalina.startup.VersionLoggerListener.log 명령 행 아규먼트:  -Djava.util.logging.manager=org.apache.juli.ClassLoaderLogManager
18-Dec-2020 00:51:46.065 INFO [main] org.apache.catalina.startup.VersionLoggerListener.log 명령 행 아규먼트:  -Djdk.tls.ephemeralDHKeySize=2048
18-Dec-2020 00:51:46.065 INFO [main] org.apache.catalina.startup.VersionLoggerListener.log 명령 행 아규먼트:  -Djava.protocol.handler.pkgs=org.apache.catalina.webresources
18-Dec-2020 00:51:46.065 INFO [main] org.apache.catalina.startup.VersionLoggerListener.log 명령 행 아규먼트:  -Dorg.apache.catalina.security.SecurityListener.UMASK=0027
18-Dec-2020 00:51:46.065 INFO [main] org.apache.catalina.startup.VersionLoggerListener.log 명령 행 아규먼트:  -Dignore.endorsed.dirs=
18-Dec-2020 00:51:46.065 INFO [main] org.apache.catalina.startup.VersionLoggerListener.log 명령 행 아규먼트:  -Dcatalina.base=/Users/parkjieun/fastcampus_java/tomcat/apache-tomcat-9.0.41
18-Dec-2020 00:51:46.066 INFO [main] org.apache.catalina.startup.VersionLoggerListener.log 명령 행 아규먼트:  -Dcatalina.home=/Users/parkjieun/fastcampus_java/tomcat/apache-tomcat-9.0.41
18-Dec-2020 00:51:46.066 INFO [main] org.apache.catalina.startup.VersionLoggerListener.log 명령 행 아규먼트:  -Djava.io.tmpdir=/Users/parkjieun/fastcampus_java/tomcat/apache-tomcat-9.0.41/temp
18-Dec-2020 00:51:46.069 INFO [main] org.apache.catalina.core.AprLifecycleListener.lifecycleEvent 프로덕션 환경들에서 최적의 성능을 제공하는, APR 기반 Apache Tomcat Native 라이브러리가, 다음 java.library.path에서 발견되지 않습니다: [/Users/parkjieun/Library/Java/Extensions:/Library/Java/Extensions:/Network/Library/Java/Extensions:/System/Library/Java/Extensions:/usr/lib/java:.]
18-Dec-2020 00:51:46.567 INFO [main] org.apache.coyote.AbstractProtocol.init 프로토콜 핸들러 ["http-nio-8080"]을(를) 초기화합니다.
18-Dec-2020 00:51:46.641 SEVERE [main] org.apache.catalina.util.LifecycleBase.handleSubClassException 구성요소 [Connector[HTTP/1.1-8080]]을(를) 초기화하지 못했습니다.
	org.apache.catalina.LifecycleException: 프로토콜 핸들러 초기화가 실패했습니다.
		at org.apache.catalina.connector.Connector.initInternal(Connector.java:1042)
		at org.apache.catalina.util.LifecycleBase.init(LifecycleBase.java:136)
		at org.apache.catalina.core.StandardService.initInternal(StandardService.java:558)
		at org.apache.catalina.util.LifecycleBase.init(LifecycleBase.java:136)
		at org.apache.catalina.core.StandardServer.initInternal(StandardServer.java:1057)
		at org.apache.catalina.util.LifecycleBase.init(LifecycleBase.java:136)
		at org.apache.catalina.startup.Catalina.load(Catalina.java:724)
		at org.apache.catalina.startup.Catalina.load(Catalina.java:746)
		at java.base/jdk.internal.reflect.NativeMethodAccessorImpl.invoke0(Native Method)
		at java.base/jdk.internal.reflect.NativeMethodAccessorImpl.invoke(NativeMethodAccessorImpl.java:62)
		at java.base/jdk.internal.reflect.DelegatingMethodAccessorImpl.invoke(DelegatingMethodAccessorImpl.java:43)
		at java.base/java.lang.reflect.Method.invoke(Method.java:564)
		at org.apache.catalina.startup.Bootstrap.load(Bootstrap.java:302)
		at org.apache.catalina.startup.Bootstrap.main(Bootstrap.java:472)
	Caused by: java.net.BindException: Address already in use
		at java.base/sun.nio.ch.Net.bind0(Native Method)
		at java.base/sun.nio.ch.Net.bind(Net.java:479)
		at java.base/sun.nio.ch.Net.bind(Net.java:468)
		at java.base/sun.nio.ch.ServerSocketChannelImpl.bind(ServerSocketChannelImpl.java:220)
		at java.base/sun.nio.ch.ServerSocketAdaptor.bind(ServerSocketAdaptor.java:88)
		at org.apache.tomcat.util.net.NioEndpoint.initServerSocket(NioEndpoint.java:228)
		at org.apache.tomcat.util.net.NioEndpoint.bind(NioEndpoint.java:211)
		at org.apache.tomcat.util.net.AbstractEndpoint.bindWithCleanup(AbstractEndpoint.java:1159)
		at org.apache.tomcat.util.net.AbstractEndpoint.init(AbstractEndpoint.java:1172)
		at org.apache.coyote.AbstractProtocol.init(AbstractProtocol.java:592)
		at org.apache.coyote.http11.AbstractHttp11Protocol.init(AbstractHttp11Protocol.java:80)
		at org.apache.catalina.connector.Connector.initInternal(Connector.java:1039)
		... 13 more
18-Dec-2020 00:51:46.652 INFO [main] org.apache.catalina.startup.Catalina.load [987] 밀리초 내에 서버가 초기화되었습니다.
18-Dec-2020 00:51:46.707 INFO [main] org.apache.catalina.core.StandardService.startInternal 서비스 [Catalina]을(를) 시작합니다.
18-Dec-2020 00:51:46.707 INFO [main] org.apache.catalina.core.StandardEngine.startInternal 서버 엔진을 시작합니다: [Apache Tomcat/9.0.41]
18-Dec-2020 00:51:46.718 INFO [main] org.apache.catalina.startup.HostConfig.deployDirectory 웹 애플리케이션 디렉토리 [/Users/parkjieun/fastcampus_java/tomcat/apache-tomcat-9.0.41/webapps/docs]을(를) 배치합니다.
18-Dec-2020 00:51:47.144 SEVERE [main] org.apache.jasper.EmbeddedServletOptions.<init> 귀하가 지정한 scratchDir [/Users/parkjieun/fastcampus_java/tomcat/apache-tomcat-9.0.41/work/Catalina/localhost/docs]은(는) 사용할 수 없습니다.
18-Dec-2020 00:51:47.159 INFO [main] org.apache.catalina.startup.HostConfig.deployDirectory 웹 애플리케이션 디렉토리 [/Users/parkjieun/fastcampus_java/tomcat/apache-tomcat-9.0.41/webapps/docs]에 대한 배치가 [439] 밀리초에 완료되었습니다.
18-Dec-2020 00:51:47.160 INFO [main] org.apache.catalina.startup.HostConfig.deployDirectory 웹 애플리케이션 디렉토리 [/Users/parkjieun/fastcampus_java/tomcat/apache-tomcat-9.0.41/webapps/manager]을(를) 배치합니다.
18-Dec-2020 00:51:47.219 SEVERE [main] org.apache.jasper.EmbeddedServletOptions.<init> 귀하가 지정한 scratchDir [/Users/parkjieun/fastcampus_java/tomcat/apache-tomcat-9.0.41/work/Catalina/localhost/manager]은(는) 사용할 수 없습니다.
18-Dec-2020 00:51:47.220 INFO [main] org.apache.catalina.startup.HostConfig.deployDirectory 웹 애플리케이션 디렉토리 [/Users/parkjieun/fastcampus_java/tomcat/apache-tomcat-9.0.41/webapps/manager]에 대한 배치가 [60] 밀리초에 완료되었습니다.
18-Dec-2020 00:51:47.220 INFO [main] org.apache.catalina.startup.HostConfig.deployDirectory 웹 애플리케이션 디렉토리 [/Users/parkjieun/fastcampus_java/tomcat/apache-tomcat-9.0.41/webapps/examples]을(를) 배치합니다.
18-Dec-2020 00:51:47.697 SEVERE [main] org.apache.jasper.EmbeddedServletOptions.<init> 귀하가 지정한 scratchDir [/Users/parkjieun/fastcampus_java/tomcat/apache-tomcat-9.0.41/work/Catalina/localhost/examples]은(는) 사용할 수 없습니다.
18-Dec-2020 00:51:47.699 INFO [main] org.apache.catalina.startup.HostConfig.deployDirectory 웹 애플리케이션 디렉토리 [/Users/parkjieun/fastcampus_java/tomcat/apache-tomcat-9.0.41/webapps/examples]에 대한 배치가 [478] 밀리초에 완료되었습니다.
18-Dec-2020 00:51:47.699 INFO [main] org.apache.catalina.startup.HostConfig.deployDirectory 웹 애플리케이션 디렉토리 [/Users/parkjieun/fastcampus_java/tomcat/apache-tomcat-9.0.41/webapps/ROOT]을(를) 배치합니다.
18-Dec-2020 00:51:47.733 SEVERE [main] org.apache.jasper.EmbeddedServletOptions.<init> 귀하가 지정한 scratchDir [/Users/parkjieun/fastcampus_java/tomcat/apache-tomcat-9.0.41/work/Catalina/localhost/ROOT]은(는) 사용할 수 없습니다.
18-Dec-2020 00:51:47.734 INFO [main] org.apache.catalina.startup.HostConfig.deployDirectory 웹 애플리케이션 디렉토리 [/Users/parkjieun/fastcampus_java/tomcat/apache-tomcat-9.0.41/webapps/ROOT]에 대한 배치가 [35] 밀리초에 완료되었습니다.
18-Dec-2020 00:51:47.735 INFO [main] org.apache.catalina.startup.HostConfig.deployDirectory 웹 애플리케이션 디렉토리 [/Users/parkjieun/fastcampus_java/tomcat/apache-tomcat-9.0.41/webapps/host-manager]을(를) 배치합니다.
18-Dec-2020 00:51:47.761 SEVERE [main] org.apache.jasper.EmbeddedServletOptions.<init> 귀하가 지정한 scratchDir [/Users/parkjieun/fastcampus_java/tomcat/apache-tomcat-9.0.41/work/Catalina/localhost/host-manager]은(는) 사용할 수 없습니다.
18-Dec-2020 00:51:47.762 INFO [main] org.apache.catalina.startup.HostConfig.deployDirectory 웹 애플리케이션 디렉토리 [/Users/parkjieun/fastcampus_java/tomcat/apache-tomcat-9.0.41/webapps/host-manager]에 대한 배치가 [28] 밀리초에 완료되었습니다.
18-Dec-2020 00:51:47.823 INFO [main] org.apache.catalina.startup.Catalina.start 서버가 [1170] 밀리초 내에 시작되었습니다.
18-Dec-2020 00:51:47.835 SEVERE [main] org.apache.catalina.core.StandardServer.await 주소 [localhost]와(과) 포트 [8005]에, 서버 셧다운 소켓을 생성하지 못했습니다. (base 포트 [8005], offset [0])
	java.net.BindException: Address already in use
		at java.base/sun.nio.ch.Net.bind0(Native Method)
		at java.base/sun.nio.ch.Net.bind(Net.java:479)
		at java.base/sun.nio.ch.Net.bind(Net.java:468)
		at java.base/sun.nio.ch.NioSocketImpl.bind(NioSocketImpl.java:643)
		at java.base/java.net.ServerSocket.bind(ServerSocket.java:396)
		at java.base/java.net.ServerSocket.<init>(ServerSocket.java:282)
		at org.apache.catalina.core.StandardServer.await(StandardServer.java:584)
		at org.apache.catalina.startup.Catalina.await(Catalina.java:864)
		at org.apache.catalina.startup.Catalina.start(Catalina.java:810)
		at java.base/jdk.internal.reflect.NativeMethodAccessorImpl.invoke0(Native Method)
		at java.base/jdk.internal.reflect.NativeMethodAccessorImpl.invoke(NativeMethodAccessorImpl.java:62)
		at java.base/jdk.internal.reflect.DelegatingMethodAccessorImpl.invoke(DelegatingMethodAccessorImpl.java:43)
		at java.base/java.lang.reflect.Method.invoke(Method.java:564)
		at org.apache.catalina.startup.Bootstrap.start(Bootstrap.java:342)
		at org.apache.catalina.startup.Bootstrap.main(Bootstrap.java:473)
18-Dec-2020 00:51:47.836 INFO [main] org.apache.coyote.AbstractProtocol.pause 프로토콜 핸들러 ["http-nio-8080"]을(를) 일시 정지 중
18-Dec-2020 00:51:47.836 INFO [main] org.apache.catalina.core.StandardService.stopInternal 서비스 [Catalina]을(를) 중지시킵니다.
18-Dec-2020 00:51:47.879 INFO [main] org.apache.coyote.AbstractProtocol.stop 프로토콜 핸들러 ["http-nio-8080"]을(를) 중지시킵니다.
18-Dec-2020 00:51:47.883 INFO [main] org.apache.coyote.AbstractProtocol.destroy 프로토콜 핸들러 ["http-nio-8080"]을(를) 소멸시킵니다.
NOTE: Picked up JDK_JAVA_OPTIONS:  --add-opens=java.base/java.lang=ALL-UNNAMED --add-opens=java.base/java.io=ALL-UNNAMED --add-opens=java.rmi/sun.rmi.transport=ALL-UNNAMED
18-Dec-2020 01:06:42.804 INFO [main] org.apache.catalina.startup.VersionLoggerListener.log 서버 버전 이름:    Apache Tomcat/9.0.41
18-Dec-2020 01:06:42.808 INFO [main] org.apache.catalina.startup.VersionLoggerListener.log Server 빌드 시각:  Dec 3 2020 11:43:00 UTC
18-Dec-2020 01:06:42.808 INFO [main] org.apache.catalina.startup.VersionLoggerListener.log Server 버전 번호:  9.0.41.0
18-Dec-2020 01:06:42.809 INFO [main] org.apache.catalina.startup.VersionLoggerListener.log 운영체제 이름:     Mac OS X
18-Dec-2020 01:06:42.809 INFO [main] org.apache.catalina.startup.VersionLoggerListener.log 운영체제 버전:     10.14.3
18-Dec-2020 01:06:42.809 INFO [main] org.apache.catalina.startup.VersionLoggerListener.log 아키텍처:          x86_64
18-Dec-2020 01:06:42.810 INFO [main] org.apache.catalina.startup.VersionLoggerListener.log 자바 홈:           /Library/Java/JavaVirtualMachines/jdk-14.0.2.jdk/Contents/Home
18-Dec-2020 01:06:42.810 INFO [main] org.apache.catalina.startup.VersionLoggerListener.log JVM 버전:          14.0.2+12-46
18-Dec-2020 01:06:42.810 INFO [main] org.apache.catalina.startup.VersionLoggerListener.log JVM 벤더:          Oracle Corporation
18-Dec-2020 01:06:42.810 INFO [main] org.apache.catalina.startup.VersionLoggerListener.log CATALINA_BASE:     /Users/parkjieun/fastcampus_java/tomcat/apache-tomcat-9.0.41
18-Dec-2020 01:06:42.810 INFO [main] org.apache.catalina.startup.VersionLoggerListener.log CATALINA_HOME:     /Users/parkjieun/fastcampus_java/tomcat/apache-tomcat-9.0.41
18-Dec-2020 01:06:42.842 INFO [main] org.apache.catalina.startup.VersionLoggerListener.log 명령 행 아규먼트:  --add-opens=java.base/java.lang=ALL-UNNAMED
18-Dec-2020 01:06:42.842 INFO [main] org.apache.catalina.startup.VersionLoggerListener.log 명령 행 아규먼트:  --add-opens=java.base/java.io=ALL-UNNAMED
18-Dec-2020 01:06:42.843 INFO [main] org.apache.catalina.startup.VersionLoggerListener.log 명령 행 아규먼트:  --add-opens=java.rmi/sun.rmi.transport=ALL-UNNAMED
18-Dec-2020 01:06:42.843 INFO [main] org.apache.catalina.startup.VersionLoggerListener.log 명령 행 아규먼트:  -Djava.util.logging.config.file=/Users/parkjieun/fastcampus_java/tomcat/apache-tomcat-9.0.41/conf/logging.properties
18-Dec-2020 01:06:42.843 INFO [main] org.apache.catalina.startup.VersionLoggerListener.log 명령 행 아규먼트:  -Djava.util.logging.manager=org.apache.juli.ClassLoaderLogManager
18-Dec-2020 01:06:42.843 INFO [main] org.apache.catalina.startup.VersionLoggerListener.log 명령 행 아규먼트:  -Djdk.tls.ephemeralDHKeySize=2048
18-Dec-2020 01:06:42.843 INFO [main] org.apache.catalina.startup.VersionLoggerListener.log 명령 행 아규먼트:  -Djava.protocol.handler.pkgs=org.apache.catalina.webresources
18-Dec-2020 01:06:42.844 INFO [main] org.apache.catalina.startup.VersionLoggerListener.log 명령 행 아규먼트:  -Dorg.apache.catalina.security.SecurityListener.UMASK=0027
18-Dec-2020 01:06:42.844 INFO [main] org.apache.catalina.startup.VersionLoggerListener.log 명령 행 아규먼트:  -Dignore.endorsed.dirs=
18-Dec-2020 01:06:42.844 INFO [main] org.apache.catalina.startup.VersionLoggerListener.log 명령 행 아규먼트:  -Dcatalina.base=/Users/parkjieun/fastcampus_java/tomcat/apache-tomcat-9.0.41
18-Dec-2020 01:06:42.845 INFO [main] org.apache.catalina.startup.VersionLoggerListener.log 명령 행 아규먼트:  -Dcatalina.home=/Users/parkjieun/fastcampus_java/tomcat/apache-tomcat-9.0.41
18-Dec-2020 01:06:42.845 INFO [main] org.apache.catalina.startup.VersionLoggerListener.log 명령 행 아규먼트:  -Djava.io.tmpdir=/Users/parkjieun/fastcampus_java/tomcat/apache-tomcat-9.0.41/temp
18-Dec-2020 01:06:42.847 INFO [main] org.apache.catalina.core.AprLifecycleListener.lifecycleEvent 프로덕션 환경들에서 최적의 성능을 제공하는, APR 기반 Apache Tomcat Native 라이브러리가, 다음 java.library.path에서 발견되지 않습니다: [/Users/parkjieun/Library/Java/Extensions:/Library/Java/Extensions:/Network/Library/Java/Extensions:/System/Library/Java/Extensions:/usr/lib/java:.]
18-Dec-2020 01:06:43.298 INFO [main] org.apache.coyote.AbstractProtocol.init 프로토콜 핸들러 ["http-nio-8080"]을(를) 초기화합니다.
18-Dec-2020 01:06:43.377 INFO [main] org.apache.catalina.startup.Catalina.load [892] 밀리초 내에 서버가 초기화되었습니다.
18-Dec-2020 01:06:43.428 INFO [main] org.apache.catalina.core.StandardService.startInternal 서비스 [Catalina]을(를) 시작합니다.
18-Dec-2020 01:06:43.429 INFO [main] org.apache.catalina.core.StandardEngine.startInternal 서버 엔진을 시작합니다: [Apache Tomcat/9.0.41]
18-Dec-2020 01:06:43.439 INFO [main] org.apache.catalina.startup.HostConfig.deployDirectory 웹 애플리케이션 디렉토리 [/Users/parkjieun/fastcampus_java/tomcat/apache-tomcat-9.0.41/webapps/docs]을(를) 배치합니다.
18-Dec-2020 01:06:43.777 SEVERE [main] org.apache.jasper.EmbeddedServletOptions.<init> 귀하가 지정한 scratchDir [/Users/parkjieun/fastcampus_java/tomcat/apache-tomcat-9.0.41/work/Catalina/localhost/docs]은(는) 사용할 수 없습니다.
18-Dec-2020 01:06:43.792 INFO [main] org.apache.catalina.startup.HostConfig.deployDirectory 웹 애플리케이션 디렉토리 [/Users/parkjieun/fastcampus_java/tomcat/apache-tomcat-9.0.41/webapps/docs]에 대한 배치가 [350] 밀리초에 완료되었습니다.
18-Dec-2020 01:06:43.792 INFO [main] org.apache.catalina.startup.HostConfig.deployDirectory 웹 애플리케이션 디렉토리 [/Users/parkjieun/fastcampus_java/tomcat/apache-tomcat-9.0.41/webapps/manager]을(를) 배치합니다.
18-Dec-2020 01:06:43.843 SEVERE [main] org.apache.jasper.EmbeddedServletOptions.<init> 귀하가 지정한 scratchDir [/Users/parkjieun/fastcampus_java/tomcat/apache-tomcat-9.0.41/work/Catalina/localhost/manager]은(는) 사용할 수 없습니다.
18-Dec-2020 01:06:43.844 INFO [main] org.apache.catalina.startup.HostConfig.deployDirectory 웹 애플리케이션 디렉토리 [/Users/parkjieun/fastcampus_java/tomcat/apache-tomcat-9.0.41/webapps/manager]에 대한 배치가 [52] 밀리초에 완료되었습니다.
18-Dec-2020 01:06:43.844 INFO [main] org.apache.catalina.startup.HostConfig.deployDirectory 웹 애플리케이션 디렉토리 [/Users/parkjieun/fastcampus_java/tomcat/apache-tomcat-9.0.41/webapps/examples]을(를) 배치합니다.
18-Dec-2020 01:06:44.206 SEVERE [main] org.apache.jasper.EmbeddedServletOptions.<init> 귀하가 지정한 scratchDir [/Users/parkjieun/fastcampus_java/tomcat/apache-tomcat-9.0.41/work/Catalina/localhost/examples]은(는) 사용할 수 없습니다.
18-Dec-2020 01:06:44.207 INFO [main] org.apache.catalina.startup.HostConfig.deployDirectory 웹 애플리케이션 디렉토리 [/Users/parkjieun/fastcampus_java/tomcat/apache-tomcat-9.0.41/webapps/examples]에 대한 배치가 [363] 밀리초에 완료되었습니다.
18-Dec-2020 01:06:44.207 INFO [main] org.apache.catalina.startup.HostConfig.deployDirectory 웹 애플리케이션 디렉토리 [/Users/parkjieun/fastcampus_java/tomcat/apache-tomcat-9.0.41/webapps/ROOT]을(를) 배치합니다.
18-Dec-2020 01:06:44.237 SEVERE [main] org.apache.jasper.EmbeddedServletOptions.<init> 귀하가 지정한 scratchDir [/Users/parkjieun/fastcampus_java/tomcat/apache-tomcat-9.0.41/work/Catalina/localhost/ROOT]은(는) 사용할 수 없습니다.
18-Dec-2020 01:06:44.238 INFO [main] org.apache.catalina.startup.HostConfig.deployDirectory 웹 애플리케이션 디렉토리 [/Users/parkjieun/fastcampus_java/tomcat/apache-tomcat-9.0.41/webapps/ROOT]에 대한 배치가 [30] 밀리초에 완료되었습니다.
18-Dec-2020 01:06:44.238 INFO [main] org.apache.catalina.startup.HostConfig.deployDirectory 웹 애플리케이션 디렉토리 [/Users/parkjieun/fastcampus_java/tomcat/apache-tomcat-9.0.41/webapps/host-manager]을(를) 배치합니다.
18-Dec-2020 01:06:44.263 SEVERE [main] org.apache.jasper.EmbeddedServletOptions.<init> 귀하가 지정한 scratchDir [/Users/parkjieun/fastcampus_java/tomcat/apache-tomcat-9.0.41/work/Catalina/localhost/host-manager]은(는) 사용할 수 없습니다.
18-Dec-2020 01:06:44.264 INFO [main] org.apache.catalina.startup.HostConfig.deployDirectory 웹 애플리케이션 디렉토리 [/Users/parkjieun/fastcampus_java/tomcat/apache-tomcat-9.0.41/webapps/host-manager]에 대한 배치가 [26] 밀리초에 완료되었습니다.
18-Dec-2020 01:06:44.270 INFO [main] org.apache.coyote.AbstractProtocol.start 프로토콜 핸들러 ["http-nio-8080"]을(를) 시작합니다.
18-Dec-2020 01:06:44.298 INFO [main] org.apache.catalina.startup.Catalina.start 서버가 [919] 밀리초 내에 시작되었습니다.
NOTE: Picked up JDK_JAVA_OPTIONS:  --add-opens=java.base/java.lang=ALL-UNNAMED --add-opens=java.base/java.io=ALL-UNNAMED --add-opens=java.rmi/sun.rmi.transport=ALL-UNNAMED
18-Dec-2020 01:06:59.610 INFO [main] org.apache.catalina.startup.VersionLoggerListener.log 서버 버전 이름:    Apache Tomcat/9.0.41
18-Dec-2020 01:06:59.614 INFO [main] org.apache.catalina.startup.VersionLoggerListener.log Server 빌드 시각:  Dec 3 2020 11:43:00 UTC
18-Dec-2020 01:06:59.614 INFO [main] org.apache.catalina.startup.VersionLoggerListener.log Server 버전 번호:  9.0.41.0
18-Dec-2020 01:06:59.614 INFO [main] org.apache.catalina.startup.VersionLoggerListener.log 운영체제 이름:     Mac OS X
18-Dec-2020 01:06:59.614 INFO [main] org.apache.catalina.startup.VersionLoggerListener.log 운영체제 버전:     10.14.3
18-Dec-2020 01:06:59.615 INFO [main] org.apache.catalina.startup.VersionLoggerListener.log 아키텍처:          x86_64
18-Dec-2020 01:06:59.615 INFO [main] org.apache.catalina.startup.VersionLoggerListener.log 자바 홈:           /Library/Java/JavaVirtualMachines/jdk-14.0.2.jdk/Contents/Home
18-Dec-2020 01:06:59.615 INFO [main] org.apache.catalina.startup.VersionLoggerListener.log JVM 버전:          14.0.2+12-46
18-Dec-2020 01:06:59.615 INFO [main] org.apache.catalina.startup.VersionLoggerListener.log JVM 벤더:          Oracle Corporation
18-Dec-2020 01:06:59.615 INFO [main] org.apache.catalina.startup.VersionLoggerListener.log CATALINA_BASE:     /Users/parkjieun/fastcampus_java/tomcat/apache-tomcat-9.0.41
18-Dec-2020 01:06:59.615 INFO [main] org.apache.catalina.startup.VersionLoggerListener.log CATALINA_HOME:     /Users/parkjieun/fastcampus_java/tomcat/apache-tomcat-9.0.41
18-Dec-2020 01:06:59.636 INFO [main] org.apache.catalina.startup.VersionLoggerListener.log 명령 행 아규먼트:  --add-opens=java.base/java.lang=ALL-UNNAMED
18-Dec-2020 01:06:59.637 INFO [main] org.apache.catalina.startup.VersionLoggerListener.log 명령 행 아규먼트:  --add-opens=java.base/java.io=ALL-UNNAMED
18-Dec-2020 01:06:59.637 INFO [main] org.apache.catalina.startup.VersionLoggerListener.log 명령 행 아규먼트:  --add-opens=java.rmi/sun.rmi.transport=ALL-UNNAMED
18-Dec-2020 01:06:59.637 INFO [main] org.apache.catalina.startup.VersionLoggerListener.log 명령 행 아규먼트:  -Djava.util.logging.config.file=/Users/parkjieun/fastcampus_java/tomcat/apache-tomcat-9.0.41/conf/logging.properties
18-Dec-2020 01:06:59.637 INFO [main] org.apache.catalina.startup.VersionLoggerListener.log 명령 행 아규먼트:  -Djava.util.logging.manager=org.apache.juli.ClassLoaderLogManager
18-Dec-2020 01:06:59.637 INFO [main] org.apache.catalina.startup.VersionLoggerListener.log 명령 행 아규먼트:  -Djdk.tls.ephemeralDHKeySize=2048
18-Dec-2020 01:06:59.638 INFO [main] org.apache.catalina.startup.VersionLoggerListener.log 명령 행 아규먼트:  -Djava.protocol.handler.pkgs=org.apache.catalina.webresources
18-Dec-2020 01:06:59.638 INFO [main] org.apache.catalina.startup.VersionLoggerListener.log 명령 행 아규먼트:  -Dorg.apache.catalina.security.SecurityListener.UMASK=0027
18-Dec-2020 01:06:59.638 INFO [main] org.apache.catalina.startup.VersionLoggerListener.log 명령 행 아규먼트:  -Dignore.endorsed.dirs=
18-Dec-2020 01:06:59.638 INFO [main] org.apache.catalina.startup.VersionLoggerListener.log 명령 행 아규먼트:  -Dcatalina.base=/Users/parkjieun/fastcampus_java/tomcat/apache-tomcat-9.0.41
18-Dec-2020 01:06:59.639 INFO [main] org.apache.catalina.startup.VersionLoggerListener.log 명령 행 아규먼트:  -Dcatalina.home=/Users/parkjieun/fastcampus_java/tomcat/apache-tomcat-9.0.41
18-Dec-2020 01:06:59.639 INFO [main] org.apache.catalina.startup.VersionLoggerListener.log 명령 행 아규먼트:  -Djava.io.tmpdir=/Users/parkjieun/fastcampus_java/tomcat/apache-tomcat-9.0.41/temp
18-Dec-2020 01:06:59.641 INFO [main] org.apache.catalina.core.AprLifecycleListener.lifecycleEvent 프로덕션 환경들에서 최적의 성능을 제공하는, APR 기반 Apache Tomcat Native 라이브러리가, 다음 java.library.path에서 발견되지 않습니다: [/Users/parkjieun/Library/Java/Extensions:/Library/Java/Extensions:/Network/Library/Java/Extensions:/System/Library/Java/Extensions:/usr/lib/java:.]
18-Dec-2020 01:07:00.076 INFO [main] org.apache.coyote.AbstractProtocol.init 프로토콜 핸들러 ["http-nio-8080"]을(를) 초기화합니다.
18-Dec-2020 01:07:00.135 SEVERE [main] org.apache.catalina.util.LifecycleBase.handleSubClassException 구성요소 [Connector[HTTP/1.1-8080]]을(를) 초기화하지 못했습니다.
	org.apache.catalina.LifecycleException: 프로토콜 핸들러 초기화가 실패했습니다.
		at org.apache.catalina.connector.Connector.initInternal(Connector.java:1042)
		at org.apache.catalina.util.LifecycleBase.init(LifecycleBase.java:136)
		at org.apache.catalina.core.StandardService.initInternal(StandardService.java:558)
		at org.apache.catalina.util.LifecycleBase.init(LifecycleBase.java:136)
		at org.apache.catalina.core.StandardServer.initInternal(StandardServer.java:1057)
		at org.apache.catalina.util.LifecycleBase.init(LifecycleBase.java:136)
		at org.apache.catalina.startup.Catalina.load(Catalina.java:724)
		at org.apache.catalina.startup.Catalina.load(Catalina.java:746)
		at java.base/jdk.internal.reflect.NativeMethodAccessorImpl.invoke0(Native Method)
		at java.base/jdk.internal.reflect.NativeMethodAccessorImpl.invoke(NativeMethodAccessorImpl.java:62)
		at java.base/jdk.internal.reflect.DelegatingMethodAccessorImpl.invoke(DelegatingMethodAccessorImpl.java:43)
		at java.base/java.lang.reflect.Method.invoke(Method.java:564)
		at org.apache.catalina.startup.Bootstrap.load(Bootstrap.java:302)
		at org.apache.catalina.startup.Bootstrap.main(Bootstrap.java:472)
	Caused by: java.net.BindException: Address already in use
		at java.base/sun.nio.ch.Net.bind0(Native Method)
		at java.base/sun.nio.ch.Net.bind(Net.java:479)
		at java.base/sun.nio.ch.Net.bind(Net.java:468)
		at java.base/sun.nio.ch.ServerSocketChannelImpl.bind(ServerSocketChannelImpl.java:220)
		at java.base/sun.nio.ch.ServerSocketAdaptor.bind(ServerSocketAdaptor.java:88)
		at org.apache.tomcat.util.net.NioEndpoint.initServerSocket(NioEndpoint.java:228)
		at org.apache.tomcat.util.net.NioEndpoint.bind(NioEndpoint.java:211)
		at org.apache.tomcat.util.net.AbstractEndpoint.bindWithCleanup(AbstractEndpoint.java:1159)
		at org.apache.tomcat.util.net.AbstractEndpoint.init(AbstractEndpoint.java:1172)
		at org.apache.coyote.AbstractProtocol.init(AbstractProtocol.java:592)
		at org.apache.coyote.http11.AbstractHttp11Protocol.init(AbstractHttp11Protocol.java:80)
		at org.apache.catalina.connector.Connector.initInternal(Connector.java:1039)
		... 13 more
18-Dec-2020 01:07:00.137 INFO [main] org.apache.catalina.startup.Catalina.load [842] 밀리초 내에 서버가 초기화되었습니다.
18-Dec-2020 01:07:00.177 INFO [main] org.apache.catalina.core.StandardService.startInternal 서비스 [Catalina]을(를) 시작합니다.
18-Dec-2020 01:07:00.178 INFO [main] org.apache.catalina.core.StandardEngine.startInternal 서버 엔진을 시작합니다: [Apache Tomcat/9.0.41]
18-Dec-2020 01:07:00.187 INFO [main] org.apache.catalina.startup.HostConfig.deployDirectory 웹 애플리케이션 디렉토리 [/Users/parkjieun/fastcampus_java/tomcat/apache-tomcat-9.0.41/webapps/docs]을(를) 배치합니다.
18-Dec-2020 01:07:00.517 SEVERE [main] org.apache.jasper.EmbeddedServletOptions.<init> 귀하가 지정한 scratchDir [/Users/parkjieun/fastcampus_java/tomcat/apache-tomcat-9.0.41/work/Catalina/localhost/docs]은(는) 사용할 수 없습니다.
18-Dec-2020 01:07:00.530 INFO [main] org.apache.catalina.startup.HostConfig.deployDirectory 웹 애플리케이션 디렉토리 [/Users/parkjieun/fastcampus_java/tomcat/apache-tomcat-9.0.41/webapps/docs]에 대한 배치가 [340] 밀리초에 완료되었습니다.
18-Dec-2020 01:07:00.530 INFO [main] org.apache.catalina.startup.HostConfig.deployDirectory 웹 애플리케이션 디렉토리 [/Users/parkjieun/fastcampus_java/tomcat/apache-tomcat-9.0.41/webapps/manager]을(를) 배치합니다.
18-Dec-2020 01:07:00.583 SEVERE [main] org.apache.jasper.EmbeddedServletOptions.<init> 귀하가 지정한 scratchDir [/Users/parkjieun/fastcampus_java/tomcat/apache-tomcat-9.0.41/work/Catalina/localhost/manager]은(는) 사용할 수 없습니다.
18-Dec-2020 01:07:00.584 INFO [main] org.apache.catalina.startup.HostConfig.deployDirectory 웹 애플리케이션 디렉토리 [/Users/parkjieun/fastcampus_java/tomcat/apache-tomcat-9.0.41/webapps/manager]에 대한 배치가 [54] 밀리초에 완료되었습니다.
18-Dec-2020 01:07:00.584 INFO [main] org.apache.catalina.startup.HostConfig.deployDirectory 웹 애플리케이션 디렉토리 [/Users/parkjieun/fastcampus_java/tomcat/apache-tomcat-9.0.41/webapps/examples]을(를) 배치합니다.
18-Dec-2020 01:07:00.991 SEVERE [main] org.apache.jasper.EmbeddedServletOptions.<init> 귀하가 지정한 scratchDir [/Users/parkjieun/fastcampus_java/tomcat/apache-tomcat-9.0.41/work/Catalina/localhost/examples]은(는) 사용할 수 없습니다.
18-Dec-2020 01:07:00.992 INFO [main] org.apache.catalina.startup.HostConfig.deployDirectory 웹 애플리케이션 디렉토리 [/Users/parkjieun/fastcampus_java/tomcat/apache-tomcat-9.0.41/webapps/examples]에 대한 배치가 [408] 밀리초에 완료되었습니다.
18-Dec-2020 01:07:00.993 INFO [main] org.apache.catalina.startup.HostConfig.deployDirectory 웹 애플리케이션 디렉토리 [/Users/parkjieun/fastcampus_java/tomcat/apache-tomcat-9.0.41/webapps/ROOT]을(를) 배치합니다.
18-Dec-2020 01:07:01.016 SEVERE [main] org.apache.jasper.EmbeddedServletOptions.<init> 귀하가 지정한 scratchDir [/Users/parkjieun/fastcampus_java/tomcat/apache-tomcat-9.0.41/work/Catalina/localhost/ROOT]은(는) 사용할 수 없습니다.
18-Dec-2020 01:07:01.017 INFO [main] org.apache.catalina.startup.HostConfig.deployDirectory 웹 애플리케이션 디렉토리 [/Users/parkjieun/fastcampus_java/tomcat/apache-tomcat-9.0.41/webapps/ROOT]에 대한 배치가 [23] 밀리초에 완료되었습니다.
18-Dec-2020 01:07:01.017 INFO [main] org.apache.catalina.startup.HostConfig.deployDirectory 웹 애플리케이션 디렉토리 [/Users/parkjieun/fastcampus_java/tomcat/apache-tomcat-9.0.41/webapps/host-manager]을(를) 배치합니다.
18-Dec-2020 01:07:01.040 SEVERE [main] org.apache.jasper.EmbeddedServletOptions.<init> 귀하가 지정한 scratchDir [/Users/parkjieun/fastcampus_java/tomcat/apache-tomcat-9.0.41/work/Catalina/localhost/host-manager]은(는) 사용할 수 없습니다.
18-Dec-2020 01:07:01.041 INFO [main] org.apache.catalina.startup.HostConfig.deployDirectory 웹 애플리케이션 디렉토리 [/Users/parkjieun/fastcampus_java/tomcat/apache-tomcat-9.0.41/webapps/host-manager]에 대한 배치가 [23] 밀리초에 완료되었습니다.
18-Dec-2020 01:07:01.046 INFO [main] org.apache.catalina.startup.Catalina.start 서버가 [908] 밀리초 내에 시작되었습니다.
18-Dec-2020 01:07:01.055 SEVERE [main] org.apache.catalina.core.StandardServer.await 주소 [localhost]와(과) 포트 [8005]에, 서버 셧다운 소켓을 생성하지 못했습니다. (base 포트 [8005], offset [0])
	java.net.BindException: Address already in use
		at java.base/sun.nio.ch.Net.bind0(Native Method)
		at java.base/sun.nio.ch.Net.bind(Net.java:479)
		at java.base/sun.nio.ch.Net.bind(Net.java:468)
		at java.base/sun.nio.ch.NioSocketImpl.bind(NioSocketImpl.java:643)
		at java.base/java.net.ServerSocket.bind(ServerSocket.java:396)
		at java.base/java.net.ServerSocket.<init>(ServerSocket.java:282)
		at org.apache.catalina.core.StandardServer.await(StandardServer.java:584)
		at org.apache.catalina.startup.Catalina.await(Catalina.java:864)
		at org.apache.catalina.startup.Catalina.start(Catalina.java:810)
		at java.base/jdk.internal.reflect.NativeMethodAccessorImpl.invoke0(Native Method)
		at java.base/jdk.internal.reflect.NativeMethodAccessorImpl.invoke(NativeMethodAccessorImpl.java:62)
		at java.base/jdk.internal.reflect.DelegatingMethodAccessorImpl.invoke(DelegatingMethodAccessorImpl.java:43)
		at java.base/java.lang.reflect.Method.invoke(Method.java:564)
		at org.apache.catalina.startup.Bootstrap.start(Bootstrap.java:342)
		at org.apache.catalina.startup.Bootstrap.main(Bootstrap.java:473)
18-Dec-2020 01:07:01.056 INFO [main] org.apache.coyote.AbstractProtocol.pause 프로토콜 핸들러 ["http-nio-8080"]을(를) 일시 정지 중
18-Dec-2020 01:07:01.056 INFO [main] org.apache.catalina.core.StandardService.stopInternal 서비스 [Catalina]을(를) 중지시킵니다.
18-Dec-2020 01:07:01.078 INFO [main] org.apache.coyote.AbstractProtocol.stop 프로토콜 핸들러 ["http-nio-8080"]을(를) 중지시킵니다.
18-Dec-2020 01:07:01.079 INFO [main] org.apache.coyote.AbstractProtocol.destroy 프로토콜 핸들러 ["http-nio-8080"]을(를) 소멸시킵니다.
18-Dec-2020 01:07:19.634 INFO [Thread-3] org.apache.coyote.AbstractProtocol.pause 프로토콜 핸들러 ["http-nio-8080"]을(를) 일시 정지 중
18-Dec-2020 01:07:19.648 INFO [Thread-3] org.apache.catalina.core.StandardService.stopInternal 서비스 [Catalina]을(를) 중지시킵니다.
18-Dec-2020 01:07:19.714 INFO [Thread-3] org.apache.coyote.AbstractProtocol.stop 프로토콜 핸들러 ["http-nio-8080"]을(를) 중지시킵니다.
18-Dec-2020 01:07:19.757 INFO [Thread-3] org.apache.coyote.AbstractProtocol.destroy 프로토콜 핸들러 ["http-nio-8080"]을(를) 소멸시킵니다.
NOTE: Picked up JDK_JAVA_OPTIONS:  --add-opens=java.base/java.lang=ALL-UNNAMED --add-opens=java.base/java.io=ALL-UNNAMED --add-opens=java.rmi/sun.rmi.transport=ALL-UNNAMED
18-Dec-2020 01:15:04.482 INFO [main] org.apache.catalina.startup.VersionLoggerListener.log 서버 버전 이름:    Apache Tomcat/9.0.41
18-Dec-2020 01:15:04.487 INFO [main] org.apache.catalina.startup.VersionLoggerListener.log Server 빌드 시각:  Dec 3 2020 11:43:00 UTC
18-Dec-2020 01:15:04.487 INFO [main] org.apache.catalina.startup.VersionLoggerListener.log Server 버전 번호:  9.0.41.0
18-Dec-2020 01:15:04.488 INFO [main] org.apache.catalina.startup.VersionLoggerListener.log 운영체제 이름:     Mac OS X
18-Dec-2020 01:15:04.488 INFO [main] org.apache.catalina.startup.VersionLoggerListener.log 운영체제 버전:     10.14.3
18-Dec-2020 01:15:04.488 INFO [main] org.apache.catalina.startup.VersionLoggerListener.log 아키텍처:          x86_64
18-Dec-2020 01:15:04.488 INFO [main] org.apache.catalina.startup.VersionLoggerListener.log 자바 홈:           /Library/Java/JavaVirtualMachines/jdk-14.0.2.jdk/Contents/Home
18-Dec-2020 01:15:04.488 INFO [main] org.apache.catalina.startup.VersionLoggerListener.log JVM 버전:          14.0.2+12-46
18-Dec-2020 01:15:04.488 INFO [main] org.apache.catalina.startup.VersionLoggerListener.log JVM 벤더:          Oracle Corporation
18-Dec-2020 01:15:04.489 INFO [main] org.apache.catalina.startup.VersionLoggerListener.log CATALINA_BASE:     /Users/parkjieun/fastcampus_java/tomcat/apache-tomcat-9.0.41
18-Dec-2020 01:15:04.489 INFO [main] org.apache.catalina.startup.VersionLoggerListener.log CATALINA_HOME:     /Users/parkjieun/fastcampus_java/tomcat/apache-tomcat-9.0.41
18-Dec-2020 01:15:04.513 INFO [main] org.apache.catalina.startup.VersionLoggerListener.log 명령 행 아규먼트:  --add-opens=java.base/java.lang=ALL-UNNAMED
18-Dec-2020 01:15:04.514 INFO [main] org.apache.catalina.startup.VersionLoggerListener.log 명령 행 아규먼트:  --add-opens=java.base/java.io=ALL-UNNAMED
18-Dec-2020 01:15:04.514 INFO [main] org.apache.catalina.startup.VersionLoggerListener.log 명령 행 아규먼트:  --add-opens=java.rmi/sun.rmi.transport=ALL-UNNAMED
18-Dec-2020 01:15:04.514 INFO [main] org.apache.catalina.startup.VersionLoggerListener.log 명령 행 아규먼트:  -Djava.util.logging.config.file=/Users/parkjieun/fastcampus_java/tomcat/apache-tomcat-9.0.41/conf/logging.properties
18-Dec-2020 01:15:04.514 INFO [main] org.apache.catalina.startup.VersionLoggerListener.log 명령 행 아규먼트:  -Djava.util.logging.manager=org.apache.juli.ClassLoaderLogManager
18-Dec-2020 01:15:04.515 INFO [main] org.apache.catalina.startup.VersionLoggerListener.log 명령 행 아규먼트:  -Djdk.tls.ephemeralDHKeySize=2048
18-Dec-2020 01:15:04.515 INFO [main] org.apache.catalina.startup.VersionLoggerListener.log 명령 행 아규먼트:  -Djava.protocol.handler.pkgs=org.apache.catalina.webresources
18-Dec-2020 01:15:04.516 INFO [main] org.apache.catalina.startup.VersionLoggerListener.log 명령 행 아규먼트:  -Dorg.apache.catalina.security.SecurityListener.UMASK=0027
18-Dec-2020 01:15:04.516 INFO [main] org.apache.catalina.startup.VersionLoggerListener.log 명령 행 아규먼트:  -Dignore.endorsed.dirs=
18-Dec-2020 01:15:04.516 INFO [main] org.apache.catalina.startup.VersionLoggerListener.log 명령 행 아규먼트:  -Dcatalina.base=/Users/parkjieun/fastcampus_java/tomcat/apache-tomcat-9.0.41
18-Dec-2020 01:15:04.516 INFO [main] org.apache.catalina.startup.VersionLoggerListener.log 명령 행 아규먼트:  -Dcatalina.home=/Users/parkjieun/fastcampus_java/tomcat/apache-tomcat-9.0.41
18-Dec-2020 01:15:04.516 INFO [main] org.apache.catalina.startup.VersionLoggerListener.log 명령 행 아규먼트:  -Djava.io.tmpdir=/Users/parkjieun/fastcampus_java/tomcat/apache-tomcat-9.0.41/temp
18-Dec-2020 01:15:04.520 INFO [main] org.apache.catalina.core.AprLifecycleListener.lifecycleEvent 프로덕션 환경들에서 최적의 성능을 제공하는, APR 기반 Apache Tomcat Native 라이브러리가, 다음 java.library.path에서 발견되지 않습니다: [/Users/parkjieun/Library/Java/Extensions:/Library/Java/Extensions:/Network/Library/Java/Extensions:/System/Library/Java/Extensions:/usr/lib/java:.]
18-Dec-2020 01:15:04.957 INFO [main] org.apache.coyote.AbstractProtocol.init 프로토콜 핸들러 ["http-nio-8080"]을(를) 초기화합니다.
18-Dec-2020 01:15:05.036 INFO [main] org.apache.catalina.startup.Catalina.load [908] 밀리초 내에 서버가 초기화되었습니다.
18-Dec-2020 01:15:05.079 INFO [main] org.apache.catalina.core.StandardService.startInternal 서비스 [Catalina]을(를) 시작합니다.
18-Dec-2020 01:15:05.080 INFO [main] org.apache.catalina.core.StandardEngine.startInternal 서버 엔진을 시작합니다: [Apache Tomcat/9.0.41]
18-Dec-2020 01:15:05.109 INFO [main] org.apache.catalina.startup.HostConfig.deployWAR 웹 애플리케이션 아카이브 [/Users/parkjieun/fastcampus_java/tomcat/apache-tomcat-9.0.41/webapps/springbasic.war]을(를) 배치합니다.
18-Dec-2020 01:15:06.642 WARNING [main] org.apache.catalina.core.StandardContext.postWorkDirectory 컨텍스트 [/springbasic]을(를) 위한 작업 디렉토리 [/Users/parkjieun/fastcampus_java/tomcat/apache-tomcat-9.0.41/work/Catalina/localhost/springbasic]을(를) 생성하지 못했습니다.
18-Dec-2020 01:15:07.759 INFO [main] org.apache.jasper.servlet.TldScanner.scanJars 적어도 하나의 JAR가 TLD들을 찾기 위해 스캔되었으나 아무 것도 찾지 못했습니다. 스캔했으나 TLD가 없는 JAR들의 전체 목록을 보시려면, 로그 레벨을 디버그 레벨로 설정하십시오. 스캔 과정에서 불필요한 JAR들을 건너뛰면, 시스템 시작 시간과 JSP 컴파일 시간을 단축시킬 수 있습니다.
SLF4J: The requested version 1.7.16 by your slf4j binding is not compatible with [1.6]
SLF4J: See http://www.slf4j.org/codes.html#version_mismatch for further details.
18-Dec-2020 01:15:08.103 SEVERE [main] org.apache.jasper.EmbeddedServletOptions.<init> 귀하가 지정한 scratchDir [/Users/parkjieun/fastcampus_java/tomcat/apache-tomcat-9.0.41/work/Catalina/localhost/springbasic]은(는) 사용할 수 없습니다.
18-Dec-2020 01:15:08.115 INFO [main] org.apache.catalina.startup.HostConfig.deployWAR 웹 애플리케이션 아카이브 [/Users/parkjieun/fastcampus_java/tomcat/apache-tomcat-9.0.41/webapps/springbasic.war]의 배치가 [3,006] 밀리초에 완료되었습니다.
18-Dec-2020 01:15:08.116 INFO [main] org.apache.catalina.startup.HostConfig.deployDirectory 웹 애플리케이션 디렉토리 [/Users/parkjieun/fastcampus_java/tomcat/apache-tomcat-9.0.41/webapps/docs]을(를) 배치합니다.
18-Dec-2020 01:15:08.177 SEVERE [main] org.apache.jasper.EmbeddedServletOptions.<init> 귀하가 지정한 scratchDir [/Users/parkjieun/fastcampus_java/tomcat/apache-tomcat-9.0.41/work/Catalina/localhost/docs]은(는) 사용할 수 없습니다.
18-Dec-2020 01:15:08.178 INFO [main] org.apache.catalina.startup.HostConfig.deployDirectory 웹 애플리케이션 디렉토리 [/Users/parkjieun/fastcampus_java/tomcat/apache-tomcat-9.0.41/webapps/docs]에 대한 배치가 [62] 밀리초에 완료되었습니다.
18-Dec-2020 01:15:08.179 INFO [main] org.apache.catalina.startup.HostConfig.deployDirectory 웹 애플리케이션 디렉토리 [/Users/parkjieun/fastcampus_java/tomcat/apache-tomcat-9.0.41/webapps/manager]을(를) 배치합니다.
18-Dec-2020 01:15:08.282 SEVERE [main] org.apache.jasper.EmbeddedServletOptions.<init> 귀하가 지정한 scratchDir [/Users/parkjieun/fastcampus_java/tomcat/apache-tomcat-9.0.41/work/Catalina/localhost/manager]은(는) 사용할 수 없습니다.
18-Dec-2020 01:15:08.283 INFO [main] org.apache.catalina.startup.HostConfig.deployDirectory 웹 애플리케이션 디렉토리 [/Users/parkjieun/fastcampus_java/tomcat/apache-tomcat-9.0.41/webapps/manager]에 대한 배치가 [104] 밀리초에 완료되었습니다.
18-Dec-2020 01:15:08.283 INFO [main] org.apache.catalina.startup.HostConfig.deployDirectory 웹 애플리케이션 디렉토리 [/Users/parkjieun/fastcampus_java/tomcat/apache-tomcat-9.0.41/webapps/examples]을(를) 배치합니다.
18-Dec-2020 01:15:08.597 SEVERE [main] org.apache.jasper.EmbeddedServletOptions.<init> 귀하가 지정한 scratchDir [/Users/parkjieun/fastcampus_java/tomcat/apache-tomcat-9.0.41/work/Catalina/localhost/examples]은(는) 사용할 수 없습니다.
18-Dec-2020 01:15:08.599 INFO [main] org.apache.catalina.startup.HostConfig.deployDirectory 웹 애플리케이션 디렉토리 [/Users/parkjieun/fastcampus_java/tomcat/apache-tomcat-9.0.41/webapps/examples]에 대한 배치가 [315] 밀리초에 완료되었습니다.
18-Dec-2020 01:15:08.599 INFO [main] org.apache.catalina.startup.HostConfig.deployDirectory 웹 애플리케이션 디렉토리 [/Users/parkjieun/fastcampus_java/tomcat/apache-tomcat-9.0.41/webapps/ROOT]을(를) 배치합니다.
18-Dec-2020 01:15:08.626 SEVERE [main] org.apache.jasper.EmbeddedServletOptions.<init> 귀하가 지정한 scratchDir [/Users/parkjieun/fastcampus_java/tomcat/apache-tomcat-9.0.41/work/Catalina/localhost/ROOT]은(는) 사용할 수 없습니다.
18-Dec-2020 01:15:08.627 INFO [main] org.apache.catalina.startup.HostConfig.deployDirectory 웹 애플리케이션 디렉토리 [/Users/parkjieun/fastcampus_java/tomcat/apache-tomcat-9.0.41/webapps/ROOT]에 대한 배치가 [28] 밀리초에 완료되었습니다.
18-Dec-2020 01:15:08.628 INFO [main] org.apache.catalina.startup.HostConfig.deployDirectory 웹 애플리케이션 디렉토리 [/Users/parkjieun/fastcampus_java/tomcat/apache-tomcat-9.0.41/webapps/host-manager]을(를) 배치합니다.
18-Dec-2020 01:15:08.664 SEVERE [main] org.apache.jasper.EmbeddedServletOptions.<init> 귀하가 지정한 scratchDir [/Users/parkjieun/fastcampus_java/tomcat/apache-tomcat-9.0.41/work/Catalina/localhost/host-manager]은(는) 사용할 수 없습니다.
18-Dec-2020 01:15:08.667 INFO [main] org.apache.catalina.startup.HostConfig.deployDirectory 웹 애플리케이션 디렉토리 [/Users/parkjieun/fastcampus_java/tomcat/apache-tomcat-9.0.41/webapps/host-manager]에 대한 배치가 [39] 밀리초에 완료되었습니다.
18-Dec-2020 01:15:08.684 INFO [main] org.apache.coyote.AbstractProtocol.start 프로토콜 핸들러 ["http-nio-8080"]을(를) 시작합니다.
18-Dec-2020 01:15:08.718 INFO [main] org.apache.catalina.startup.Catalina.start 서버가 [3681] 밀리초 내에 시작되었습니다.
18-Dec-2020 01:16:44.580 INFO [Thread-3] org.apache.coyote.AbstractProtocol.pause 프로토콜 핸들러 ["http-nio-8080"]을(를) 일시 정지 중
18-Dec-2020 01:16:44.612 INFO [Thread-3] org.apache.catalina.core.StandardService.stopInternal 서비스 [Catalina]을(를) 중지시킵니다.
18-Dec-2020 01:16:44.760 INFO [Thread-3] org.apache.coyote.AbstractProtocol.stop 프로토콜 핸들러 ["http-nio-8080"]을(를) 중지시킵니다.
18-Dec-2020 01:16:44.770 INFO [Thread-3] org.apache.coyote.AbstractProtocol.destroy 프로토콜 핸들러 ["http-nio-8080"]을(를) 소멸시킵니다.
